<?xml version="1.0" encoding="UTF-8"?>
<!-- Generated by org.testng.reporters.JUnitReportReporter -->
<testsuite hostname="DELL-5559" name="automation.test.roi4cio.homepage.TestHomePage" tests="2" failures="0" timestamp="20 May 2018 21:10:09 GMT" time="28.909" errors="0">
  <testcase name="isLoginPageOpen" time="13.262" classname="automation.test.roi4cio.homepage.TestHomePage"/>
  <testcase name="isSalesToolOpen" time="15.647" classname="automation.test.roi4cio.homepage.TestHomePage"/>
</testsuite> <!-- automation.test.roi4cio.homepage.TestHomePage -->
